<?xml version="1.0" encoding="UTF-8"?>
<!-- Generated by org.testng.reporters.JUnitXMLReporter -->
<testsuite hostname="AA-PC" ignored="0" name="test1" tests="9" failures="0" timestamp="02 Apr 2019 14:15:21 GMT" time="0.078" errors="0">
  <testcase name="tc001" time="0.0" classname="p1.Class1"/>
  <testcase name="tc002" time="0.016" classname="p1.Class1"/>
  <testcase name="tc003" time="0.0" classname="p1.Class1"/>
  <testcase name="tc004" time="0.0" classname="p1.Class2"/>
  <testcase name="tc005" time="0.0" classname="p1.Class2"/>
  <testcase name="tc006" time="0.0" classname="p1.Class2"/>
  <testcase name="tc007" time="0.0" classname="p2.Class3"/>
  <testcase name="tc008" time="0.0" classname="p2.Class3"/>
  <testcase name="tc009" time="0.0" classname="p2.Class3"/>
</testsuite> <!-- test1 -->
